2023-08-06 05:33:05.990774 - Initialized conversion of CBT611
2023-08-06 05:33:06.109961 - Received CBT.V505.FILE611.PDS from FILE611.XMI 
2023-08-06 05:33:06.112503 - Found $$$#DATE.txt (text/plain) in CBT.V505.FILE611.PDS, moved to PDS/$$$#DATE
2023-08-06 05:33:06.113552 - Found $$NOTE1.txt (text/plain) in CBT.V505.FILE611.PDS, moved to PDS/$$NOTE1
2023-08-06 05:33:06.114681 - Found @FILE611.txt (text/plain) in CBT.V505.FILE611.PDS, moved to PDS/@FILE611
2023-08-06 05:33:06.115669 - Found DECNPNL.txt (text/plain) in CBT.V505.FILE611.PDS, moved to PDS/DECNPNL
2023-08-06 05:33:06.116806 - Found GENTAB.txt (text/plain) in CBT.V505.FILE611.PDS, moved to PDS/GENTAB
2023-08-06 05:33:06.117947 - Found HELP.txt (text/plain) in CBT.V505.FILE611.PDS, moved to PDS/HELP
2023-08-06 05:33:06.118907 - Found INITTOOL.rexx (text/plain) in CBT.V505.FILE611.PDS, moved to PDS/INITTOOL
2023-08-06 05:33:06.119964 - Found JOBLIST.rexx (text/plain) in CBT.V505.FILE611.PDS, moved to PDS/JOBLIST
2023-08-06 05:33:06.121040 - Found README.txt (text/plain) in CBT.V505.FILE611.PDS, moved to PDS/README
2023-08-06 05:33:06.122005 - Found RSRTPAN.txt (text/plain) in CBT.V505.FILE611.PDS, moved to PDS/RSRTPAN
2023-08-06 05:33:06.123017 - Found SCHDJCL.txt (text/plain) in CBT.V505.FILE611.PDS, moved to PDS/SCHDJCL
2023-08-06 05:33:06.123982 - Found SCHDULER.rexx (text/plain) in CBT.V505.FILE611.PDS, moved to PDS/SCHDULER
2023-08-06 05:33:06.125036 - Found SCHRSTRT.txt (text/plain) in CBT.V505.FILE611.PDS, moved to PDS/SCHRSTRT
2023-08-06 05:33:06.126044 - Found SCHTEST.rexx (text/plain) in CBT.V505.FILE611.PDS, moved to PDS/SCHTEST
2023-08-06 05:33:06.126991 - Found SDSFUPDT.rexx (text/plain) in CBT.V505.FILE611.PDS, moved to PDS/SDSFUPDT
2023-08-06 05:33:06.127971 - Found SHWHLP.rexx (text/plain) in CBT.V505.FILE611.PDS, moved to PDS/SHWHLP
2023-08-06 05:33:06.128939 - Found THROTBL.txt (text/plain) in CBT.V505.FILE611.PDS, moved to PDS/THROTBL
2023-08-06 05:33:06.129818 - Found USERENTY.txt (text/plain) in CBT.V505.FILE611.PDS, moved to PDS/USERENTY
